################# Prompting for the file containing the list of users and groups...
Enter the name of the file containing the list of users and groups with its full path: ################# Checking if the file exists...
################ File exists. Proceeding with the script...
################# Creating a function to generate random passwords...
################# Reading the file and creating users...
################# Checking if line is a comment...
################# Checking if the username or groups is empty...
################# Removing leading and trailing whitespaces...
################# Processing user: user1...
################# Checking if user1 already exists...
################ Generating a random password for new user...
################ Encrypting newly generated password to pass to the user with the -p flag...
################ Creating user1 with the encrypted password...
################ User user1 created with password
################ Splitting finance,support,sales,developer,admin with ',' into an array of groups...
################ Removing leading and trailing whitespaces...
################ Checking if finance exists...
Group finance created.
Adding user1 to finance...
################# User user1 added to group finance...
################ Removing leading and trailing whitespaces...
################ Checking if support exists...
Group support created.
Adding user1 to support...
################# User user1 added to group support...
################ Removing leading and trailing whitespaces...
################ Checking if sales exists...
Group sales created.
Adding user1 to sales...
################# User user1 added to group sales...
################ Removing leading and trailing whitespaces...
################ Checking if developer exists...
Group developer created.
Adding user1 to developer...
################# User user1 added to group developer...
################ Removing leading and trailing whitespaces...
################ Checking if admin exists...
Group admin created.
Adding user1 to admin...
################# User user1 added to group admin...
################# Checking if line is a comment...
################# Checking if the username or groups is empty...
################# Checking if line is a comment...
################# Checking if the username or groups is empty...
################# Removing leading and trailing whitespaces...
################# Processing user: user2...
################# Checking if user2 already exists...
################ Generating a random password for new user...
################ Encrypting newly generated password to pass to the user with the -p flag...
################ Creating user2 with the encrypted password...
################ User user2 created with password
################ Splitting marketing with ',' into an array of groups...
################ Removing leading and trailing whitespaces...
################ Checking if marketing exists...
Group marketing created.
Adding user2 to marketing...
################# User user2 added to group marketing...
################# Checking if line is a comment...
################# Checking if line is a comment...
################# Checking if the username or groups is empty...
################# Removing leading and trailing whitespaces...
################# Processing user: user4...
################# Checking if user4 already exists...
################ Generating a random password for new user...
################ Encrypting newly generated password to pass to the user with the -p flag...
################ Creating user4 with the encrypted password...
################ User user4 created with password
################ Splitting support,admin,sales with ',' into an array of groups...
################ Removing leading and trailing whitespaces...
################ Checking if support exists...
Adding user4 to support...
################# User user4 added to group support...
################ Removing leading and trailing whitespaces...
################ Checking if admin exists...
Adding user4 to admin...
################# User user4 added to group admin...
################ Removing leading and trailing whitespaces...
################ Checking if sales exists...
Adding user4 to sales...
################# User user4 added to group sales...
################# Checking if line is a comment...
################# Checking if the username or groups is empty...
################# Removing leading and trailing whitespaces...
################# Processing user: user5...
################# Checking if user5 already exists...
################ Generating a random password for new user...
################ Encrypting newly generated password to pass to the user with the -p flag...
################ Creating user5 with the encrypted password...
################ User user5 created with password
################ Splitting admin,finance,marketing,hr,sales with ',' into an array of groups...
################ Removing leading and trailing whitespaces...
################ Checking if admin exists...
Adding user5 to admin...
################# User user5 added to group admin...
################ Removing leading and trailing whitespaces...
################ Checking if finance exists...
Adding user5 to finance...
################# User user5 added to group finance...
################ Removing leading and trailing whitespaces...
################ Checking if marketing exists...
Adding user5 to marketing...
################# User user5 added to group marketing...
################ Removing leading and trailing whitespaces...
################ Checking if hr exists...
Group hr created.
Adding user5 to hr...
################# User user5 added to group hr...
################ Removing leading and trailing whitespaces...
################ Checking if sales exists...
Adding user5 to sales...
################# User user5 added to group sales...
################# Checking if line is a comment...
################# Checking if the username or groups is empty...
################# Removing leading and trailing whitespaces...
################# Processing user: user6...
################# Checking if user6 already exists...
################ Generating a random password for new user...
################ Encrypting newly generated password to pass to the user with the -p flag...
################ Creating user6 with the encrypted password...
################ User user6 created with password
################ Splitting admin, finance,sales,qa,hr with ',' into an array of groups...
################ Removing leading and trailing whitespaces...
################ Checking if admin exists...
Adding user6 to admin...
################# User user6 added to group admin...
################ Removing leading and trailing whitespaces...
################ Checking if finance exists...
Adding user6 to finance...
################# User user6 added to group finance...
################ Removing leading and trailing whitespaces...
################ Checking if sales exists...
Adding user6 to sales...
################# User user6 added to group sales...
################ Removing leading and trailing whitespaces...
################ Checking if qa exists...
Group qa created.
Adding user6 to qa...
################# User user6 added to group qa...
################ Removing leading and trailing whitespaces...
################ Checking if hr exists...
Adding user6 to hr...
################# User user6 added to group hr...
################# Checking if line is a comment...
################# Checking if the username or groups is empty...
################# Removing leading and trailing whitespaces...
################# Processing user: user7...
################# Checking if user7 already exists...
################ Generating a random password for new user...
################ Encrypting newly generated password to pass to the user with the -p flag...
################ Creating user7 with the encrypted password...
################ User user7 created with password
################ Splitting admin,developer with ',' into an array of groups...
################ Removing leading and trailing whitespaces...
################ Checking if admin exists...
Adding user7 to admin...
################# User user7 added to group admin...
################ Removing leading and trailing whitespaces...
################ Checking if developer exists...
Adding user7 to developer...
################# User user7 added to group developer...
################# Checking if line is a comment...
################# Checking if the username or groups is empty...
################# Removing leading and trailing whitespaces...
################# Processing user: user8...
################# Checking if user8 already exists...
################ Generating a random password for new user...
################ Encrypting newly generated password to pass to the user with the -p flag...
################ Creating user8 with the encrypted password...
################ User user8 created with password
################ Splitting admin with ',' into an array of groups...
################ Removing leading and trailing whitespaces...
################ Checking if admin exists...
Adding user8 to admin...
################# User user8 added to group admin...
################# Checking if line is a comment...
################# Checking if the username or groups is empty...
################# Removing leading and trailing whitespaces...
################# Processing user: user9...
################# Checking if user9 already exists...
################ Generating a random password for new user...
################ Encrypting newly generated password to pass to the user with the -p flag...
################ Creating user9 with the encrypted password...
################ User user9 created with password
################ Splitting support,hr with ',' into an array of groups...
################ Removing leading and trailing whitespaces...
################ Checking if support exists...
Adding user9 to support...
################# User user9 added to group support...
################ Removing leading and trailing whitespaces...
################ Checking if hr exists...
Adding user9 to hr...
################# User user9 added to group hr...
################# Checking if line is a comment...
################# Checking if the username or groups is empty...
################# Removing leading and trailing whitespaces...
################# Processing user: user10...
################# Checking if user10 already exists...
################ Generating a random password for new user...
################ Encrypting newly generated password to pass to the user with the -p flag...
################ Creating user10 with the encrypted password...
################ User user10 created with password
################ Splitting hr with ',' into an array of groups...
################ Removing leading and trailing whitespaces...
################ Checking if hr exists...
Adding user10 to hr...
################# User user10 added to group hr...
################# Checking if line is a comment...
################# Checking if the username or groups is empty...
################# Removing leading and trailing whitespaces...
################# Processing user: user11...
################# Checking if user11 already exists...
################ Generating a random password for new user...
################ Encrypting newly generated password to pass to the user with the -p flag...
################ Creating user11 with the encrypted password...
################ User user11 created with password
################ Splitting support,sales,admin,finance with ',' into an array of groups...
################ Removing leading and trailing whitespaces...
################ Checking if support exists...
Adding user11 to support...
################# User user11 added to group support...
################ Removing leading and trailing whitespaces...
################ Checking if sales exists...
Adding user11 to sales...
################# User user11 added to group sales...
################ Removing leading and trailing whitespaces...
################ Checking if admin exists...
Adding user11 to admin...
################# User user11 added to group admin...
################ Removing leading and trailing whitespaces...
################ Checking if finance exists...
Adding user11 to finance...
################# User user11 added to group finance...
################# Checking if line is a comment...
################# Checking if the username or groups is empty...
################# Removing leading and trailing whitespaces...
################# Processing user: user12...
################# Checking if user12 already exists...
################ Generating a random password for new user...
################ Encrypting newly generated password to pass to the user with the -p flag...
################ Creating user12 with the encrypted password...
################ User user12 created with password
################ Splitting qa ,support,marketing,hr,admin with ',' into an array of groups...
################ Removing leading and trailing whitespaces...
################ Checking if qa exists...
Adding user12 to qa...
################# User user12 added to group qa...
################ Removing leading and trailing whitespaces...
################ Checking if support exists...
Adding user12 to support...
################# User user12 added to group support...
################ Removing leading and trailing whitespaces...
################ Checking if marketing exists...
Adding user12 to marketing...
################# User user12 added to group marketing...
################ Removing leading and trailing whitespaces...
################ Checking if hr exists...
Adding user12 to hr...
################# User user12 added to group hr...
################ Removing leading and trailing whitespaces...
################ Checking if admin exists...
Adding user12 to admin...
################# User user12 added to group admin...
################# Checking if line is a comment...
################# Checking if the username or groups is empty...
################# Removing leading and trailing whitespaces...
################# Processing user: user13...
################# Checking if user13 already exists...
################ Generating a random password for new user...
################ Encrypting newly generated password to pass to the user with the -p flag...
################ Creating user13 with the encrypted password...
################ User user13 created with password
################ Splitting marketing,developer, sales with ',' into an array of groups...
################ Removing leading and trailing whitespaces...
################ Checking if marketing exists...
Adding user13 to marketing...
################# User user13 added to group marketing...
################ Removing leading and trailing whitespaces...
################ Checking if developer exists...
Adding user13 to developer...
################# User user13 added to group developer...
################ Removing leading and trailing whitespaces...
################ Checking if sales exists...
Adding user13 to sales...
################# User user13 added to group sales...
################# Checking if line is a comment...
################# Checking if the username or groups is empty...
################# Removing leading and trailing whitespaces...
################# Processing user: user14...
################# Checking if user14 already exists...
################ Generating a random password for new user...
################ Encrypting newly generated password to pass to the user with the -p flag...
################ Creating user14 with the encrypted password...
################ User user14 created with password
################ Splitting hr,developer,qa,admin,sales with ',' into an array of groups...
################ Removing leading and trailing whitespaces...
################ Checking if hr exists...
Adding user14 to hr...
################# User user14 added to group hr...
################ Removing leading and trailing whitespaces...
################ Checking if developer exists...
Adding user14 to developer...
################# User user14 added to group developer...
################ Removing leading and trailing whitespaces...
################ Checking if qa exists...
Adding user14 to qa...
################# User user14 added to group qa...
################ Removing leading and trailing whitespaces...
################ Checking if admin exists...
Adding user14 to admin...
################# User user14 added to group admin...
################ Removing leading and trailing whitespaces...
################ Checking if sales exists...
Adding user14 to sales...
################# User user14 added to group sales...
################# Checking if line is a comment...
################# Checking if the username or groups is empty...
################# Removing leading and trailing whitespaces...
################# Processing user: user15...
################# Checking if user15 already exists...
################ Generating a random password for new user...
################ Encrypting newly generated password to pass to the user with the -p flag...
################ Creating user15 with the encrypted password...
################ User user15 created with password
################ Splitting developer with ',' into an array of groups...
################ Removing leading and trailing whitespaces...
################ Checking if developer exists...
Adding user15 to developer...
################# User user15 added to group developer...
################# Checking if line is a comment...
################# Checking if the username or groups is empty...
################# Removing leading and trailing whitespaces...
################# Processing user: user16...
################# Checking if user16 already exists...
################ Generating a random password for new user...
################ Encrypting newly generated password to pass to the user with the -p flag...
################ Creating user16 with the encrypted password...
################ User user16 created with password
################ Splitting developer with ',' into an array of groups...
################ Removing leading and trailing whitespaces...
################ Checking if developer exists...
Adding user16 to developer...
################# User user16 added to group developer...
################# Checking if line is a comment...
################# Checking if the username or groups is empty...
################# Removing leading and trailing whitespaces...
################# Processing user: user17...
################# Checking if user17 already exists...
################ Generating a random password for new user...
################ Encrypting newly generated password to pass to the user with the -p flag...
################ Creating user17 with the encrypted password...
################ User user17 created with password
################ Splitting developer, sales,marketing,hr,finance with ',' into an array of groups...
################ Removing leading and trailing whitespaces...
################ Checking if developer exists...
Adding user17 to developer...
################# User user17 added to group developer...
################ Removing leading and trailing whitespaces...
################ Checking if sales exists...
Adding user17 to sales...
################# User user17 added to group sales...
################ Removing leading and trailing whitespaces...
################ Checking if marketing exists...
Adding user17 to marketing...
################# User user17 added to group marketing...
################ Removing leading and trailing whitespaces...
################ Checking if hr exists...
Adding user17 to hr...
################# User user17 added to group hr...
################ Removing leading and trailing whitespaces...
################ Checking if finance exists...
Adding user17 to finance...
################# User user17 added to group finance...
################# Checking if line is a comment...
################# Checking if the username or groups is empty...
################# Removing leading and trailing whitespaces...
################# Processing user: user18...
################# Checking if user18 already exists...
################ Generating a random password for new user...
################ Encrypting newly generated password to pass to the user with the -p flag...
################ Creating user18 with the encrypted password...
################ User user18 created with password
################ Splitting marketing,qa,support,developer with ',' into an array of groups...
################ Removing leading and trailing whitespaces...
################ Checking if marketing exists...
Adding user18 to marketing...
################# User user18 added to group marketing...
################ Removing leading and trailing whitespaces...
################ Checking if qa exists...
Adding user18 to qa...
################# User user18 added to group qa...
################ Removing leading and trailing whitespaces...
################ Checking if support exists...
Adding user18 to support...
################# User user18 added to group support...
################ Removing leading and trailing whitespaces...
################ Checking if developer exists...
Adding user18 to developer...
################# User user18 added to group developer...
################# Checking if line is a comment...
################# Checking if the username or groups is empty...
################# Removing leading and trailing whitespaces...
################# Processing user: user19...
################# Checking if user19 already exists...
################ Generating a random password for new user...
################ Encrypting newly generated password to pass to the user with the -p flag...
################ Creating user19 with the encrypted password...
################ User user19 created with password
################ Splitting developer,finance ,qa with ',' into an array of groups...
################ Removing leading and trailing whitespaces...
################ Checking if developer exists...
Adding user19 to developer...
################# User user19 added to group developer...
################ Removing leading and trailing whitespaces...
################ Checking if finance exists...
Adding user19 to finance...
################# User user19 added to group finance...
################ Removing leading and trailing whitespaces...
################ Checking if qa exists...
Adding user19 to qa...
################# User user19 added to group qa...
################# Checking if line is a comment...
################# Checking if the username or groups is empty...
################# Removing leading and trailing whitespaces...
################# Processing user: user20...
################# Checking if user20 already exists...
################ Generating a random password for new user...
################ Encrypting newly generated password to pass to the user with the -p flag...
################ Creating user20 with the encrypted password...
################ User user20 created with password
################ Splitting finance,marketing with ',' into an array of groups...
################ Removing leading and trailing whitespaces...
################ Checking if finance exists...
Adding user20 to finance...
################# User user20 added to group finance...
################ Removing leading and trailing whitespaces...
################ Checking if marketing exists...
Adding user20 to marketing...
################# User user20 added to group marketing...
################# User creation process completed successfully.